2026/01/28 16:09:14 DEBUG request dump="POST /fdo/101/msg/30 HTTP/1.1\r\nHost: 127.0.0.1:9999\r\nUser-Agent: Go-http-client/1.1\r\nContent-Length: 42\r\nContent-Type: application/cbor\r\nAccept-Encoding: gzip" body="[h'33d86df719ab044aced050e587479544', [-35, h''], h'87', [\"com.example.test\"]]"
2026/01/28 16:09:14 DEBUG response dump="HTTP/1.1 200 OK\r\nContent-Length: 42\r\nAuthorization: Bearer TBsoUvpprLNjSSGhA_o6cWHlad70lsVaDzaeVMLBNmj6abzPcDLiEPwR3LJ9xZFe\r\nContent-Type: application/cbor\r\nDate: Wed, 28 Jan 2026 16:09:14 GMT\r\nMessage-Type: 31" body="[h'9c83656c81f092f332b11fea177c3877', [-35, h''], h'87', [\"com.example.test\"]]"
2026/01/28 16:09:14 DEBUG request dump="POST /fdo/101/msg/32 HTTP/1.1\r\nHost: 127.0.0.1:9999\r\nUser-Agent: Go-http-client/1.1\r\nContent-Length: 148\r\nAuthorization: Bearer TBsoUvpprLNjSSGhA_o6cWHlad70lsVaDzaeVMLBNmj6abzPcDLiEPwR3LJ9xZFe\r\nContent-Type: application/cbor\r\nAccept-Encoding: gzip" body="18([h'a1013822', {}, h'a20a509c83656c81f092f332b11fea177c3877190100510133d86df719ab044aced050e587479544', h'848c11c626476b4b7cb202d6c4fdc3bd8e2e6fc7d8645b4986e6f9a9b66da03600f1a2ab5d29ddd34f3f9474988fe2f9fa5d360bef1b983fd92038a0db55a3be08b2fbf260677e3a4983c9c54ec8bf02cadc0fd9842c74efd3c9e2e3ac64f9fc'])"
2026/01/28 16:09:14 DEBUG response dump="HTTP/1.1 200 OK\r\nContent-Length: 162\r\nAuthorization: Bearer TBsoUvpprLNjSSGhA_o6cWHlad70lsVaDzaeVMLBNmj6abzPcDLiEPwR3LJ9xZFe\r\nContent-Type: application/cbor\r\nDate: Wed, 28 Jan 2026 16:09:14 GMT\r\nMessage-Type: 33" body="18([h'a1013822', {}, h'828184f6693132372e302e302e3119270f03822f58200000000000000000000000000000000000000000000000000000000000000000', h'fe44ad267e669148bedb2068b7238f017915c4edf7ef7adc38a02b86a2844b5345c609ac1efae866a7da007789a7fc73fbb18e2e6c9c8031b15b394ec021588d128f3b8dd96006117a35c655a835699a6ce67ebbeab732e9fc9adec544061f37'])"
[DEBUG] Advertising modules: [fido_alliance fdo.sysconfig]
2026/01/28 16:09:14 DEBUG request dump="POST /fdo/200/msg/80 HTTP/1.1\r\nHost: 127.0.0.1:9999\r\nUser-Agent: Go-http-client/1.1\r\nContent-Length: 63\r\nContent-Type: application/cbor\r\nAccept-Encoding: gzip" body="[[h'87', [\"com.example.test\"]], h'33d86df719ab044aced050e587479544', 65535, [-43, -16], h'5ac744e012974b7b9518317c107a4f15']"
2026/01/28 16:09:14 DEBUG response dump="HTTP/1.1 200 OK\r\nContent-Length: 132\r\nAuthorization: Bearer XJvHmsfcqB6DuTAUO2DxUFJ_UkJkD9Kh6xvaVKFkP482Gryx4w6e8gixNBRUmRbl\r\nContent-Type: application/cbor\r\nDate: Wed, 28 Jan 2026 16:09:14 GMT\r\nMessage-Type: 81" body="[[h'87', [\"com.example.test\"]], h'33d86df719ab044aced050e587479544', 65535, [\"ECDH384\", \"ECDH256\"], [3, 1], h'44d9cf83d74dc9409c1d853d7c6b9bf8', [-43, h'6229c74de178757d394986e52642f267d0c33d7200d0c0ed10c7e6aa1c04dfe8d277ec62b9f6b2abded4ddade670cde9']]"
2026/01/28 16:09:14 DEBUG request dump="POST /fdo/200/msg/82 HTTP/1.1\r\nHost: 127.0.0.1:9999\r\nUser-Agent: Go-http-client/1.1\r\nContent-Length: 340\r\nAuthorization: Bearer XJvHmsfcqB6DuTAUO2DxUFJ_UkJkD9Kh6xvaVKFkP482Gryx4w6e8gixNBRUmRbl\r\nContent-Type: application/cbor\r\nAccept-Encoding: gzip" body="18([h'a1013822', {}, h'856745434448333834015896003087f573e514458966de97b30a48ce103be20d428730f96ca0d8b50c70ec4e26429829a0eada410ac85080119ad50a00f900308bcd1434396b57ab628a35b8cc93cc454ddfcb11e66a81203210a1429e87f4d66010d89626287882ff6a7675a85700280030deddda8fc103da2aba2f09af652a0b2d1c0b5d2133cefcf09fd44f8f8b2057092732476cae3812b817e40111f1b9fbfd5044d9cf83d74dc9409c1d853d7c6b9bf882382a5830797a3a575e2fae4a6a871daca0f82a30066b843923358e04ef8d3bdff440025ae134560aded5ac7697e31a646555651b', h'77593c6718cab7eab5ca6a2225491c3c918c770320ca1700448fad2fe7002dc74e93e2b5d415699f1a3da2b329476d524f1cf90e4cef22019f773b9b05bd54ff2645b460d13c337f350d381c0436c77a45758c480d3b558c2f8604b55a3c8613'])"
2026/01/28 16:09:14 DEBUG response dump="HTTP/1.1 200 OK\r\nContent-Length: 719\r\nAuthorization: Bearer XJvHmsfcqB6DuTAUO2DxUFJ_UkJkD9Kh6xvaVKFkP482Gryx4w6e8gixNBRUmRbl\r\nContent-Type: application/cbor\r\nDate: Wed, 28 Jan 2026 16:09:14 GMT\r\nMessage-Type: 83" body="18([h'a1013822', {257: [11, 1, h'3076301006072a8648ce3d020106052b810400220362000462430a85d48845417834c20b71ff0ebddd34585eba3ad4dc362924fb7b08739db038c9620d62a406110ff61a5e25b5489a721bb3d4140805383b04c6e47c626058a69512268a384d1868cca11071036e9e27a9334ffb3d7778a6483400cdb34e']}, h'8658fe8618655033d86df719ab044aced050e5874795448281820d410083820c41018202515000000000000000000000ffff7f00000182034319270f72676f2d66646f2d737475622d636c69656e74830b0158783076301006072a8648ce3d020106052b8104002203620004ddc3805c0d4856733916c6121f39d327bae1227c2254357d54b80415faad3592499f4563d08ef166deb7d4ff1a9dc8917e00831f96fd416cccfebda1fd6a6a5ebd34afc4e5523e5b674784e098df54a63d702e51f4bfadf5035ccbb23e80bd9482382a583038e5c31376d9204c4014617162b06e959c66188251534ec06462a078f2fae0d871f677df208d2978fbf72e39348da31b0182065830f4fd2836bbaf69c43fc47cbf8b9a8beccf59432d41d586c8875fa9d608ca89102ba05a823db54a54acd2997446aa4dbe5044d9cf83d74dc9409c1d853d7c6b9bf858960030af7d3bdbc933fba510664c3af2ad99bf02ad698045b5fde716f4d84855f9abb3c05505e9c901955a5acd4ddefd319fad003029856f4ff4e630a9b0162150d9b0b8f783efcd0db9a4618371cbc760d9219a70b949f6502661ca31fe15c518a96de8d500302c8fdb3348418871d48c9d924e2dd2165a6fff33b9ad2972d0d7b2ee888b6387c0d06a9788a92e77cf5cbe17c04cf79919ffff', h'68f6c7ee45fc37a904d503b47766e85fc02db78fcb062242711d77b1250ccd83b217e056d89a16a671eb1375e97fbbc1f27ab71750fbc5be1abc4eea95d8639bf94434b605d04c821c11d793735636a3c5fd66c72e77e01df543a888b0a30b0a'])"
2026/01/28 16:09:14 DEBUG request dump="POST /fdo/200/msg/84 HTTP/1.1\r\nHost: 127.0.0.1:9999\r\nUser-Agent: Go-http-client/1.1\r\nContent-Length: 2\r\nAuthorization: Bearer XJvHmsfcqB6DuTAUO2DxUFJ_UkJkD9Kh6xvaVKFkP482Gryx4w6e8gixNBRUmRbl\r\nContent-Type: application/cbor\r\nAccept-Encoding: gzip" body=[0]
2026/01/28 16:09:14 DEBUG response dump="HTTP/1.1 200 OK\r\nContent-Length: 347\r\nAuthorization: Bearer XJvHmsfcqB6DuTAUO2DxUFJ_UkJkD9Kh6xvaVKFkP482Gryx4w6e8gixNBRUmRbl\r\nContent-Type: application/cbor\r\nDate: Wed, 28 Jan 2026 16:09:14 GMT\r\nMessage-Type: 85" body="[0, h'd28444a1013822a058ea8482382a5830884e22fb1c53a4bd5bd62e5878b751593a779ab21f0f4934a3a74f8ed3d7ee5a8ce2a15a882426fbe916c91440a62a0b82382a5830d53d6e1a9b8846d597d6bc8dddb0fbd472b46017c568349ebef05b214c203e77d95a6af69d89e325abec0ac8b17dfc9d41a0830b0158783076301006072a8648ce3d020106052b810400220362000462430a85d48845417834c20b71ff0ebddd34585eba3ad4dc362924fb7b08739db038c9620d62a406110ff61a5e25b5489a721bb3d4140805383b04c6e47c626058a69512268a384d1868cca11071036e9e27a9334ffb3d7778a6483400cdb34e5860aba783c1714429ca0642908290663af2e3f8a3a0a35b0f7096406c7d105eddeab4d08782e61c0b75ec2b0293235db601689a5e4a2c10939fb5829c1856a61750b4651315348fef97f5e77bbcefb9870c5c4e06c08167dd8db3def5d998b760fe']"
2026/01/28 16:09:14 DEBUG request dump="POST /fdo/200/msg/86 HTTP/1.1\r\nHost: 127.0.0.1:9999\r\nUser-Agent: Go-http-client/1.1\r\nContent-Length: 42\r\nAuthorization: Bearer XJvHmsfcqB6DuTAUO2DxUFJ_UkJkD9Kh6xvaVKFkP482Gryx4w6e8gixNBRUmRbl\r\nContent-Type: application/cbor\r\nAccept-Encoding: gzip" body="16([h'a10101', {5: h'9d5ae509f1b6e1e05901e9de'}, h'a8a5f4be1b189334a2196edd9ae97728df7a4063'])"
2026/01/28 16:09:14 DEBUG response dump="HTTP/1.1 200 OK\r\nContent-Length: 62\r\nAuthorization: Bearer XJvHmsfcqB6DuTAUO2DxUFJ_UkJkD9Kh6xvaVKFkP482Gryx4w6e8gixNBRUmRbl\r\nContent-Type: application/cbor\r\nDate: Wed, 28 Jan 2026 16:09:14 GMT\r\nMessage-Type: 87" body="16([h'a10101', {5: h'1c1ff5239c625700e7d256e4'}, h'12cf4beb2d4bc863b29d5a65a856bc6013162bc8f74a54a6c54c660270be91cdb72dba56c37464'])"
[DEBUG FDO 2.0] DeviceModules: map[fdo.sysconfig:0xc0000f90c0 fido_alliance:0xc0000f90a0]
[DEBUG FDO 2.0]   Module: fido_alliance
[DEBUG FDO 2.0]   Module: fdo.sysconfig
[DEBUG FDO 2.0] Read chunk: devmod:active, size: 17
[DEBUG FDO 2.0] Sending DeviceSvcInfo20: IsMoreServiceInfo=true, ServiceInfo count=1
[DEBUG FDO 2.0]   KV[0]: devmod:active = ő
2026/01/28 16:09:14 DEBUG request dump="POST /fdo/200/msg/88 HTTP/1.1\r\nHost: 127.0.0.1:9999\r\nUser-Agent: Go-http-client/1.1\r\nContent-Length: 59\r\nAuthorization: Bearer XJvHmsfcqB6DuTAUO2DxUFJ_UkJkD9Kh6xvaVKFkP482Gryx4w6e8gixNBRUmRbl\r\nContent-Type: application/cbor\r\nAccept-Encoding: gzip" body="16([h'a10101', {5: h'e8ee5c6a62423a5f6d226af9'}, h'0055ca8dd93b95adb474d52f37b0eb207da66d447ba8532bfef0b9edfa8797e6a8c01c37'])"
2026/01/28 16:09:14 DEBUG response dump="HTTP/1.1 200 OK\r\nContent-Length: 42\r\nAuthorization: Bearer XJvHmsfcqB6DuTAUO2DxUFJ_UkJkD9Kh6xvaVKFkP482Gryx4w6e8gixNBRUmRbl\r\nContent-Type: application/cbor\r\nDate: Wed, 28 Jan 2026 16:09:14 GMT\r\nMessage-Type: 89" body="16([h'a10101', {5: h'72fd9fcd18755d8fb53c7a3c'}, h'1273e17ec5db6b8e62d7424ea8fdb175f72fab7d'])"
[DEBUG FDO 2.0] Read chunk: devmod:os, size: 18
[DEBUG FDO 2.0] Sending DeviceSvcInfo20: IsMoreServiceInfo=true, ServiceInfo count=1
[DEBUG FDO 2.0]   KV[0]: devmod:os = elinux
2026/01/28 16:09:14 DEBUG request dump="POST /fdo/200/msg/88 HTTP/1.1\r\nHost: 127.0.0.1:9999\r\nUser-Agent: Go-http-client/1.1\r\nContent-Length: 60\r\nAuthorization: Bearer XJvHmsfcqB6DuTAUO2DxUFJ_UkJkD9Kh6xvaVKFkP482Gryx4w6e8gixNBRUmRbl\r\nContent-Type: application/cbor\r\nAccept-Encoding: gzip" body="16([h'a10101', {5: h'8e04a1b476855e11043f11f3'}, h'69b517b30d42ef2fef1ddee4c246f390dea73fb7bacf0868119ab047427d109f8b4822733b'])"
2026/01/28 16:09:14 DEBUG response dump="HTTP/1.1 200 OK\r\nContent-Length: 42\r\nAuthorization: Bearer XJvHmsfcqB6DuTAUO2DxUFJ_UkJkD9Kh6xvaVKFkP482Gryx4w6e8gixNBRUmRbl\r\nContent-Type: application/cbor\r\nDate: Wed, 28 Jan 2026 16:09:14 GMT\r\nMessage-Type: 89" body="16([h'a10101', {5: h'a07636acf5f0397737455c63'}, h'd96ff247f47f4ea371c0eb61a5343f0745e9f5b2'])"
[DEBUG FDO 2.0] Read chunk: devmod:arch, size: 20
[DEBUG FDO 2.0] Sending DeviceSvcInfo20: IsMoreServiceInfo=true, ServiceInfo count=1
[DEBUG FDO 2.0]   KV[0]: devmod:arch = eamd64
2026/01/28 16:09:14 DEBUG request dump="POST /fdo/200/msg/88 HTTP/1.1\r\nHost: 127.0.0.1:9999\r\nUser-Agent: Go-http-client/1.1\r\nContent-Length: 62\r\nAuthorization: Bearer XJvHmsfcqB6DuTAUO2DxUFJ_UkJkD9Kh6xvaVKFkP482Gryx4w6e8gixNBRUmRbl\r\nContent-Type: application/cbor\r\nAccept-Encoding: gzip" body="16([h'a10101', {5: h'43bca19226f9d8c8ff8bce85'}, h'811b1463d25d9b2afcd5d7b4e6d6b07602db61295110ceed764eba69a55c736c13f8338266d8ef'])"
2026/01/28 16:09:14 DEBUG response dump="HTTP/1.1 200 OK\r\nContent-Length: 42\r\nAuthorization: Bearer XJvHmsfcqB6DuTAUO2DxUFJ_UkJkD9Kh6xvaVKFkP482Gryx4w6e8gixNBRUmRbl\r\nContent-Type: application/cbor\r\nDate: Wed, 28 Jan 2026 16:09:14 GMT\r\nMessage-Type: 89" body="16([h'a10101', {5: h'a5ed0f521474d953d1206935'}, h'dd9fd7393f18d85309c8e01298bbd2f35177335a'])"
[DEBUG FDO 2.0] Read chunk: devmod:version, size: 29
[DEBUG FDO 2.0] Sending DeviceSvcInfo20: IsMoreServiceInfo=true, ServiceInfo count=1
[DEBUG FDO 2.0]   KV[0]: devmod:version = kStub Client
2026/01/28 16:09:14 DEBUG request dump="POST /fdo/200/msg/88 HTTP/1.1\r\nHost: 127.0.0.1:9999\r\nUser-Agent: Go-http-client/1.1\r\nContent-Length: 71\r\nAuthorization: Bearer XJvHmsfcqB6DuTAUO2DxUFJ_UkJkD9Kh6xvaVKFkP482Gryx4w6e8gixNBRUmRbl\r\nContent-Type: application/cbor\r\nAccept-Encoding: gzip" body="16([h'a10101', {5: h'9c347fd4f6142f5d73ca46f1'}, h'0d55c5d27f80f5721372e2fd738a2399e17ff2bbd4d002ea19248362773192f75939e650aa541ac7cd29b54311840963'])"
2026/01/28 16:09:14 DEBUG response dump="HTTP/1.1 200 OK\r\nContent-Length: 42\r\nAuthorization: Bearer XJvHmsfcqB6DuTAUO2DxUFJ_UkJkD9Kh6xvaVKFkP482Gryx4w6e8gixNBRUmRbl\r\nContent-Type: application/cbor\r\nDate: Wed, 28 Jan 2026 16:09:14 GMT\r\nMessage-Type: 89" body="16([h'a10101', {5: h'f02f1eaa50ae5b9072a86e2c'}, h'f6e75361bfac8ec03025e9c375caba178c16faab'])"
[DEBUG FDO 2.0] Read chunk: devmod:device, size: 28
[DEBUG FDO 2.0] Sending DeviceSvcInfo20: IsMoreServiceInfo=true, ServiceInfo count=1
[DEBUG FDO 2.0]   KV[0]: devmod:device = kgo-fdo-stub
2026/01/28 16:09:14 DEBUG request dump="POST /fdo/200/msg/88 HTTP/1.1\r\nHost: 127.0.0.1:9999\r\nUser-Agent: Go-http-client/1.1\r\nContent-Length: 70\r\nAuthorization: Bearer XJvHmsfcqB6DuTAUO2DxUFJ_UkJkD9Kh6xvaVKFkP482Gryx4w6e8gixNBRUmRbl\r\nContent-Type: application/cbor\r\nAccept-Encoding: gzip" body="16([h'a10101', {5: h'56327274e126cfdd3b36c5c7'}, h'39499402f09f66f48873217c29a23f789d47e023a8933547b37c22b7813012153a64bb837ada22b6d8747dad048650'])"
2026/01/28 16:09:14 DEBUG response dump="HTTP/1.1 200 OK\r\nContent-Length: 42\r\nAuthorization: Bearer XJvHmsfcqB6DuTAUO2DxUFJ_UkJkD9Kh6xvaVKFkP482Gryx4w6e8gixNBRUmRbl\r\nContent-Type: application/cbor\r\nDate: Wed, 28 Jan 2026 16:09:14 GMT\r\nMessage-Type: 89" body="16([h'a10101', {5: h'c7e6793a38e75e2f9270a06c'}, h'acd3615a82dca419aefaec4c3ff7521674b0ce85'])"
[DEBUG FDO 2.0] Read chunk: devmod:sep, size: 15
[DEBUG FDO 2.0] Sending DeviceSvcInfo20: IsMoreServiceInfo=true, ServiceInfo count=1
[DEBUG FDO 2.0]   KV[0]: devmod:sep = a;
2026/01/28 16:09:14 DEBUG request dump="POST /fdo/200/msg/88 HTTP/1.1\r\nHost: 127.0.0.1:9999\r\nUser-Agent: Go-http-client/1.1\r\nContent-Length: 57\r\nAuthorization: Bearer XJvHmsfcqB6DuTAUO2DxUFJ_UkJkD9Kh6xvaVKFkP482Gryx4w6e8gixNBRUmRbl\r\nContent-Type: application/cbor\r\nAccept-Encoding: gzip" body="16([h'a10101', {5: h'2e8bedcf9a23810b32fd4e55'}, h'22963768b52380757caf468e86e113ccd4f4c60c8467076102f0d22be677077ef17f'])"
2026/01/28 16:09:14 DEBUG response dump="HTTP/1.1 200 OK\r\nContent-Length: 42\r\nAuthorization: Bearer XJvHmsfcqB6DuTAUO2DxUFJ_UkJkD9Kh6xvaVKFkP482Gryx4w6e8gixNBRUmRbl\r\nContent-Type: application/cbor\r\nDate: Wed, 28 Jan 2026 16:09:14 GMT\r\nMessage-Type: 89" body="16([h'a10101', {5: h'b8b0dade43a4b55055bbceea'}, h'ce3c4d88530c1e43e5b5fceddee88e3529b21160'])"
[DEBUG FDO 2.0] Read chunk: devmod:bin, size: 18
[DEBUG FDO 2.0] Sending DeviceSvcInfo20: IsMoreServiceInfo=true, ServiceInfo count=1
[DEBUG FDO 2.0]   KV[0]: devmod:bin = d/bin
2026/01/28 16:09:14 DEBUG request dump="POST /fdo/200/msg/88 HTTP/1.1\r\nHost: 127.0.0.1:9999\r\nUser-Agent: Go-http-client/1.1\r\nContent-Length: 60\r\nAuthorization: Bearer XJvHmsfcqB6DuTAUO2DxUFJ_UkJkD9Kh6xvaVKFkP482Gryx4w6e8gixNBRUmRbl\r\nContent-Type: application/cbor\r\nAccept-Encoding: gzip" body="16([h'a10101', {5: h'35874ef638705f003099b61b'}, h'7d6b857976911e45f8c36c7c3dbb7c54ef8899979f1d30ab54b2af483125670c0e89dbebb8'])"
2026/01/28 16:09:14 DEBUG response dump="HTTP/1.1 200 OK\r\nContent-Length: 42\r\nAuthorization: Bearer XJvHmsfcqB6DuTAUO2DxUFJ_UkJkD9Kh6xvaVKFkP482Gryx4w6e8gixNBRUmRbl\r\nContent-Type: application/cbor\r\nDate: Wed, 28 Jan 2026 16:09:14 GMT\r\nMessage-Type: 89" body="16([h'a10101', {5: h'aad233c4f155c15394743941'}, h'1db1683fb0f1a827972eb67e915e5001ae976df4'])"
[DEBUG FDO 2.0] Read chunk: devmod:nummodules, size: 21
[DEBUG FDO 2.0] Sending DeviceSvcInfo20: IsMoreServiceInfo=true, ServiceInfo count=1
[DEBUG FDO 2.0]   KV[0]: devmod:nummodules = 
2026/01/28 16:09:14 DEBUG request dump="POST /fdo/200/msg/88 HTTP/1.1\r\nHost: 127.0.0.1:9999\r\nUser-Agent: Go-http-client/1.1\r\nContent-Length: 63\r\nAuthorization: Bearer XJvHmsfcqB6DuTAUO2DxUFJ_UkJkD9Kh6xvaVKFkP482Gryx4w6e8gixNBRUmRbl\r\nContent-Type: application/cbor\r\nAccept-Encoding: gzip" body="16([h'a10101', {5: h'1b8ff5f8df26373a49211e42'}, h'81756eb9c06360fa8a682fccbf477cb422ea3112605e20ae4cafffeec20f95350b6edd5cedb9d82a'])"
2026/01/28 16:09:14 DEBUG response dump="HTTP/1.1 200 OK\r\nContent-Length: 42\r\nAuthorization: Bearer XJvHmsfcqB6DuTAUO2DxUFJ_UkJkD9Kh6xvaVKFkP482Gryx4w6e8gixNBRUmRbl\r\nContent-Type: application/cbor\r\nDate: Wed, 28 Jan 2026 16:09:14 GMT\r\nMessage-Type: 89" body="16([h'a10101', {5: h'848f33a2bfb67a1e9798bc59'}, h'680523796734ab91bb5808ea8d8e5af8db1631a5'])"
[DEBUG FDO 2.0] Got size error, retrying: could not read service info key: not enough size for chunk
[DEBUG FDO 2.0] Read chunk: devmod:modules, size: 56
[DEBUG FDO 2.0] Sending DeviceSvcInfo20: IsMoreServiceInfo=true, ServiceInfo count=1
[DEBUG FDO 2.0]   KV[0]: devmod:modules = … mfido_alliancemfdo.sysconfigfdevmod
2026/01/28 16:09:14 DEBUG request dump="POST /fdo/200/msg/88 HTTP/1.1\r\nHost: 127.0.0.1:9999\r\nUser-Agent: Go-http-client/1.1\r\nContent-Length: 98\r\nAuthorization: Bearer XJvHmsfcqB6DuTAUO2DxUFJ_UkJkD9Kh6xvaVKFkP482Gryx4w6e8gixNBRUmRbl\r\nContent-Type: application/cbor\r\nAccept-Encoding: gzip" body="16([h'a10101', {5: h'29ae2c009fa122d6e0c1f446'}, h'17325024ca233233da607a1131bc7353ff716a776a052c71e4eb04f7d46c3484d000190c040f36731aa3bdd97ee8b6c596fc9beb6eceef8b1700b40d26f2c8f78a0a8fba7501806d1f27a6'])"
2026/01/28 16:09:14 DEBUG response dump="HTTP/1.1 200 OK\r\nContent-Length: 42\r\nAuthorization: Bearer XJvHmsfcqB6DuTAUO2DxUFJ_UkJkD9Kh6xvaVKFkP482Gryx4w6e8gixNBRUmRbl\r\nContent-Type: application/cbor\r\nDate: Wed, 28 Jan 2026 16:09:14 GMT\r\nMessage-Type: 89" body="16([h'a10101', {5: h'f5220854efce563a7492486e'}, h'a59583e80ef67af540bdbe2ad9805ce71a9bffc4'])"
[DEBUG FDO 2.0] Got EOF, device done
[DEBUG FDO 2.0] Sending DeviceSvcInfo20: IsMoreServiceInfo=false, ServiceInfo count=0
2026/01/28 16:09:14 DEBUG request dump="POST /fdo/200/msg/88 HTTP/1.1\r\nHost: 127.0.0.1:9999\r\nUser-Agent: Go-http-client/1.1\r\nContent-Length: 41\r\nAuthorization: Bearer XJvHmsfcqB6DuTAUO2DxUFJ_UkJkD9Kh6xvaVKFkP482Gryx4w6e8gixNBRUmRbl\r\nContent-Type: application/cbor\r\nAccept-Encoding: gzip" body="16([h'a10101', {5: h'924bae0cefc99e9a58c1fde7'}, h'8ecc9c9f1f1e5d2fd719709d4f94b055ab899b'])"
2026/01/28 16:09:14 DEBUG response dump="HTTP/1.1 200 OK\r\nContent-Length: 254\r\nAuthorization: Bearer XJvHmsfcqB6DuTAUO2DxUFJ_UkJkD9Kh6xvaVKFkP482Gryx4w6e8gixNBRUmRbl\r\nContent-Type: application/cbor\r\nDate: Wed, 28 Jan 2026 16:09:14 GMT\r\nMessage-Type: 89" body="16([h'a10101', {5: h'fe1bb717a1b9f28acb634529'}, h'c9fc22629807e629c6f7a1d52da18d75a0926cc96acc4763ecf8169471e9adbcbd75f070d63ee607431d74cf235718ea8e9812b38227841c54a7f50523e3b456f2d2d05860aa6b3ffb36eda5afdd56f5e7b977970b387fbac77975d00bca6a0d43372b195f42a1a583815c95301fd89dd5f862df22206862fd5d2e2f96349f00e14c983d3c5b871dfd2c8488f63a95009ae1093f011441b02d12c0b033d0cafd57bc894e9810cc7fbfb602b5728ea88df86ec3e37e22db1d6306ce5ab0d64357bb2043cfb2a62521ad1735b265c31d7695a685f224f2df5c62c25632fdb9ee80c6ff6e7193e09c'])"
2026/01/28 16:09:14 INFO FDO 2.0 received owner service info key=fdo.sysconfig:active value="\xf5"
2026/01/28 16:09:14 INFO FDO 2.0 processing module module=fdo.sysconfig message=active
[DEBUG] Module fdo.sysconfig Receive(message=active)
2026/01/28 16:09:14 INFO FDO 2.0 successfully processed message module=fdo.sysconfig message=active
2026/01/28 16:09:14 INFO FDO 2.0 received owner service info key=fdo.sysconfig:set value="\x82hhostnamertest-device-fdo200"
2026/01/28 16:09:14 INFO FDO 2.0 processing module module=fdo.sysconfig message=set
[DEBUG] Module fdo.sysconfig Receive(message=set)
[SYSCONFIG] Received parameter: hostname = test-device-fdo200
2026/01/28 16:09:14 DEBUG fdo.sysconfig: parameter set parameter=hostname value=test-device-fdo200
2026/01/28 16:09:14 INFO FDO 2.0 successfully processed message module=fdo.sysconfig message=set
2026/01/28 16:09:14 INFO FDO 2.0 received owner service info key=fdo.sysconfig:set value="\x82htimezonepAmerica/New_York"
2026/01/28 16:09:14 INFO FDO 2.0 processing module module=fdo.sysconfig message=set
[DEBUG] Module fdo.sysconfig Receive(message=set)
[SYSCONFIG] Received parameter: timezone = America/New_York
2026/01/28 16:09:14 DEBUG fdo.sysconfig: parameter set parameter=timezone value=America/New_York
2026/01/28 16:09:14 INFO FDO 2.0 successfully processed message module=fdo.sysconfig message=set
2026/01/28 16:09:14 INFO FDO 2.0 received owner service info key=fdo.sysconfig:set value="\x82jntp-serverotime.google.com"
2026/01/28 16:09:14 INFO FDO 2.0 processing module module=fdo.sysconfig message=set
[DEBUG] Module fdo.sysconfig Receive(message=set)
[SYSCONFIG] Received parameter: ntp-server = time.google.com
2026/01/28 16:09:14 DEBUG fdo.sysconfig: parameter set parameter=ntp-server value=time.google.com
2026/01/28 16:09:14 INFO FDO 2.0 successfully processed message module=fdo.sysconfig message=set
2026/01/28 16:09:14 INFO FDO 2.0 received owner service info key=fdo.sysconfig:set value="\x82flocaleken_US.UTF-8"
2026/01/28 16:09:14 INFO FDO 2.0 processing module module=fdo.sysconfig message=set
[DEBUG] Module fdo.sysconfig Receive(message=set)
[SYSCONFIG] Received parameter: locale = en_US.UTF-8
2026/01/28 16:09:14 DEBUG fdo.sysconfig: parameter set parameter=locale value=en_US.UTF-8
2026/01/28 16:09:14 INFO FDO 2.0 successfully processed message module=fdo.sysconfig message=set
2026/01/28 16:09:14 DEBUG request dump="POST /fdo/200/msg/90 HTTP/1.1\r\nHost: 127.0.0.1:9999\r\nUser-Agent: Go-http-client/1.1\r\nContent-Length: 58\r\nAuthorization: Bearer XJvHmsfcqB6DuTAUO2DxUFJ_UkJkD9Kh6xvaVKFkP482Gryx4w6e8gixNBRUmRbl\r\nContent-Type: application/cbor\r\nAccept-Encoding: gzip" body="16([h'a10101', {5: h'37e63721de0ba5a7eec860f7'}, h'ad9a77c05ca7e934bac7234d523895a778c67322e894c033ad60f9eb4dd9d6ba179ff4'])"
2026/01/28 16:09:14 DEBUG response dump="HTTP/1.1 200 OK\r\nContent-Length: 57\r\nAuthorization: Bearer XJvHmsfcqB6DuTAUO2DxUFJ_UkJkD9Kh6xvaVKFkP482Gryx4w6e8gixNBRUmRbl\r\nContent-Type: application/cbor\r\nDate: Wed, 28 Jan 2026 16:09:14 GMT\r\nMessage-Type: 91" body="16([h'a10101', {5: h'e064c4f5a94c0ba4a363d9a8'}, h'2e2f3b41da190b53cde782513eac1bbe1a09d0ccf09beaf7d1c4cacf97872d8b5985'])"
Credential not updated (either due to failure of TO2 or the Credential Reuse Protocol)
